This file contains any messages produced by compilers while
running configure, to aid debugging if configure makes a mistake.

configure:574: checking for a BSD compatible install
configure:627: checking whether build environment is sane
configure:684: checking whether make sets ${MAKE}
configure:730: checking for working aclocal
configure:743: checking for working autoconf
configure:756: checking for working automake
configure:769: checking for working autoheader
configure:782: checking for working makeinfo
configure:804: checking for gcc
configure:917: checking whether the C compiler (gcc  ) works
configure:933: gcc -o conftest    conftest.c  1>&5
configure:959: checking whether the C compiler (gcc  ) is a cross-compiler
configure:964: checking whether we are using GNU C
configure:973: gcc -E conftest.c
configure:992: checking whether gcc accepts -g
configure:1035: checking for a BSD compatible install
configure:1088: checking whether ln -s works
configure:1162: checking for glib-config
configure:1197: checking for GLIB - version >= 1.2.6
configure:1296: gcc -o conftest -g -O2 -I/usr/include/glib-1.2 -I/usr/lib/glib/include -D_REENTRANT   conftest.c -L/usr/lib -lgthread -lglib -lpthread  1>&5
configure:1428: checking for gtk-config
configure:1463: checking for GTK - version >= 1.2.6
configure:1564: gcc -o conftest -g -O2 -I/usr/include/gtk-1.2 -I/usr/include/glib-1.2 -I/usr/lib/glib/include -I/usr/X11R6/include   conftest.c -L/usr/lib -L/usr/X11R6/lib -lgtk -lgdk -rdynamic -lgmodule -lglib -ldl -lXi -lXext -lX11 -lm  1>&5
